<?xml version="1.0" encoding="UTF-8"?>
<testsuite xmlns:xsi="http://www.w3.org/2001/XMLSchema-instance" xsi:noNamespaceSchemaLocation="https://maven.apache.org/surefire/maven-surefire-plugin/xsd/surefire-test-report-3.0.xsd" version="3.0" name="com.princerukundo.moviesbackend.MoviesBackendApplicationTests" time="9.937" tests="1" errors="0" skipped="0" failures="0">
  <properties>
[...]
</properties>
  <testcase name="contextLoads" classname="com.princerukundo.moviesbackend.MoviesBackendApplicationTests" time="2.215">
    <system-out><![CDATA[22:04:51.235 [main] INFO org.springframework.test.context.support.AnnotationConfigContextLoaderUtils -- Could not detect default configuration classes for test class [com.princerukundo.moviesbackend.MoviesBackendApplicationTests]: MoviesBackendApplicationTests does not declare any static, non-private, non-final, nested classes annotated with @Configuration.
22:04:51.694 [main] INFO org.springframework.boot.test.context.SpringBootTestContextBootstrapper -- Found @SpringBootConfiguration com.princerukundo.moviesbackend.MoviesBackendApplication for test class com.princerukundo.moviesbackend.MoviesBackendApplicationTests

  .   ____          _            __ _ _
 /\\ / ___'_ __ _ _(_)_ __  __ _ \ \ \ \
( ( )\___ | '_ | '_| | '_ \/ _` | \ \ \ \
 \\/  ___)| |_)| | | | | || (_| |  ) ) ) )
  '  |____| .__|_| |_|_| |_\__, | / / / /
 =========|_|==============|___/=/_/_/_/
 :: Spring Boot ::                (v3.1.2)

2023-08-11T22:04:52.926+03:00  INFO 24476 --- [           main] m.p.springdotenv.DotenvPropertySource    : Initializing Dotenv with DotenvConfig{directory=null, filename=null, ignoreIfMalformed=false, ignoreIfMissing=true, systemProperties=false, prefix=null}
2023-08-11T22:04:52.957+03:00  INFO 24476 --- [           main] c.p.m.MoviesBackendApplicationTests      : Starting MoviesBackendApplicationTests using Java 20.0.2 with PID 24476 (started by user in C:\Users\user\Desktop\movies-app\movies-backend)
2023-08-11T22:04:52.959+03:00  INFO 24476 --- [           main] c.p.m.MoviesBackendApplicationTests      : No active profile set, falling back to 1 default profile: "default"
2023-08-11T22:04:54.411+03:00  INFO 24476 --- [           main] .s.d.r.c.RepositoryConfigurationDelegate : Bootstrapping Spring Data MongoDB repositories in DEFAULT mode.
2023-08-11T22:04:54.521+03:00  INFO 24476 --- [           main] .s.d.r.c.RepositoryConfigurationDelegate : Finished Spring Data repository scanning in 98 ms. Found 2 MongoDB repository interfaces.
2023-08-11T22:04:55.588+03:00  INFO 24476 --- [           main] org.mongodb.driver.client                : MongoClient with metadata {"driver": {"name": "mongo-java-driver|sync|spring-boot", "version": "4.9.1"}, "os": {"type": "Windows", "name": "Windows 11", "architecture": "amd64", "version": "10.0"}, "platform": "Java/Oracle Corporation/20.0.2+9-78"} created with settings MongoClientSettings{readPreference=primary, writeConcern=WriteConcern{w=null, wTimeout=null ms, journal=null}, retryWrites=true, retryReads=true, readConcern=ReadConcern{level=null}, credential=MongoCredential{mechanism=null, userName='prince', source='admin', password=<hidden>, mechanismProperties=<hidden>}, streamFactoryFactory=null, commandListeners=[], codecRegistry=ProvidersCodecRegistry{codecProviders=[ValueCodecProvider{}, BsonValueCodecProvider{}, DBRefCodecProvider{}, DBObjectCodecProvider{}, DocumentCodecProvider{}, CollectionCodecProvider{}, IterableCodecProvider{}, MapCodecProvider{}, GeoJsonCodecProvider{}, GridFSFileCodecProvider{}, Jsr310CodecProvider{}, JsonObjectCodecProvider{}, BsonCodecProvider{}, EnumCodecProvider{}, com.mongodb.client.model.mql.ExpressionCodecProvider@3d20e575, com.mongodb.Jep395RecordCodecProvider@3252747e]}, loggerSettings=LoggerSettings{maxDocumentLength=1000}, clusterSettings={hosts=[127.0.0.1:27017], srvHost=cluster0.k2tsomv.mongodb.net, srvServiceName=mongodb, mode=MULTIPLE, requiredClusterType=REPLICA_SET, requiredReplicaSetName='atlas-ayog62-shard-0', serverSelector='null', clusterListeners='[]', serverSelectionTimeout='30000 ms', localThreshold='30000 ms'}, socketSettings=SocketSettings{connectTimeoutMS=10000, readTimeoutMS=0, receiveBufferSize=0, sendBufferSize=0}, heartbeatSocketSettings=SocketSettings{connectTimeoutMS=10000, readTimeoutMS=10000, receiveBufferSize=0, sendBufferSize=0}, connectionPoolSettings=ConnectionPoolSettings{maxSize=100, minSize=0, maxWaitTimeMS=120000, maxConnectionLifeTimeMS=0, maxConnectionIdleTimeMS=0, maintenanceInitialDelayMS=0, maintenanceFrequencyMS=60000, connectionPoolListeners=[], maxConnecting=2}, serverSettings=ServerSettings{heartbeatFrequencyMS=10000, minHeartbeatFrequencyMS=500, serverListeners='[]', serverMonitorListeners='[]'}, sslSettings=SslSettings{enabled=true, invalidHostNameAllowed=false, context=null}, applicationName='null', compressorList=[], uuidRepresentation=JAVA_LEGACY, serverApi=null, autoEncryptionSettings=null, contextProvider=null}
2023-08-11T22:04:55.741+03:00  INFO 24476 --- [omv.mongodb.net] org.mongodb.driver.cluster               : Adding discovered server ac-th7dlli-shard-00-02.k2tsomv.mongodb.net:27017 to client view of cluster
2023-08-11T22:04:55.812+03:00  INFO 24476 --- [omv.mongodb.net] org.mongodb.driver.cluster               : Adding discovered server ac-th7dlli-shard-00-00.k2tsomv.mongodb.net:27017 to client view of cluster
2023-08-11T22:04:55.813+03:00  INFO 24476 --- [omv.mongodb.net] org.mongodb.driver.cluster               : Adding discovered server ac-th7dlli-shard-00-01.k2tsomv.mongodb.net:27017 to client view of cluster
2023-08-11T22:04:57.786+03:00  INFO 24476 --- [ngodb.net:27017] org.mongodb.driver.cluster               : Monitor thread successfully connected to server with description ServerDescription{address=ac-th7dlli-shard-00-00.k2tsomv.mongodb.net:27017, type=REPLICA_SET_SECONDARY, state=CONNECTED, ok=true, minWireVersion=0, maxWireVersion=17, maxDocumentSize=16777216, logicalSessionTimeoutMinutes=30, roundTripTimeNanos=1010107100, setName='atlas-ayog62-shard-0', canonicalAddress=ac-th7dlli-shard-00-00.k2tsomv.mongodb.net:27017, hosts=[ac-th7dlli-shard-00-00.k2tsomv.mongodb.net:27017, ac-th7dlli-shard-00-01.k2tsomv.mongodb.net:27017, ac-th7dlli-shard-00-02.k2tsomv.mongodb.net:27017], passives=[], arbiters=[], primary='ac-th7dlli-shard-00-01.k2tsomv.mongodb.net:27017', tagSet=TagSet{[Tag{name='nodeType', value='ELECTABLE'}, Tag{name='provider', value='AWS'}, Tag{name='region', value='AF_SOUTH_1'}, Tag{name='workloadType', value='OPERATIONAL'}]}, electionId=null, setVersion=1, topologyVersion=TopologyVersion{processId=64d61901ad5b3ceaae0473f4, counter=4}, lastWriteDate=Fri Aug 11 23:04:11 EEST 2023, lastUpdateTimeNanos=6305426292300}
2023-08-11T22:04:57.786+03:00  INFO 24476 --- [ngodb.net:27017] org.mongodb.driver.cluster               : Monitor thread successfully connected to server with description ServerDescription{address=ac-th7dlli-shard-00-02.k2tsomv.mongodb.net:27017, type=REPLICA_SET_SECONDARY, state=CONNECTED, ok=true, minWireVersion=0, maxWireVersion=17, maxDocumentSize=16777216, logicalSessionTimeoutMinutes=30, roundTripTimeNanos=1009770100, setName='atlas-ayog62-shard-0', canonicalAddress=ac-th7dlli-shard-00-02.k2tsomv.mongodb.net:27017, hosts=[ac-th7dlli-shard-00-00.k2tsomv.mongodb.net:27017, ac-th7dlli-shard-00-01.k2tsomv.mongodb.net:27017, ac-th7dlli-shard-00-02.k2tsomv.mongodb.net:27017], passives=[], arbiters=[], primary='ac-th7dlli-shard-00-01.k2tsomv.mongodb.net:27017', tagSet=TagSet{[Tag{name='nodeType', value='ELECTABLE'}, Tag{name='provider', value='AWS'}, Tag{name='region', value='AF_SOUTH_1'}, Tag{name='workloadType', value='OPERATIONAL'}]}, electionId=null, setVersion=1, topologyVersion=TopologyVersion{processId=64d61b32e9b739a60e189e20, counter=3}, lastWriteDate=Fri Aug 11 23:04:11 EEST 2023, lastUpdateTimeNanos=6305426019900}
2023-08-11T22:04:58.042+03:00  INFO 24476 --- [           main] c.p.m.MoviesBackendApplicationTests      : Started MoviesBackendApplicationTests in 5.764 seconds (process running for 9.366)
2023-08-11T22:04:58.191+03:00  INFO 24476 --- [ngodb.net:27017] org.mongodb.driver.cluster               : Monitor thread successfully connected to server with description ServerDescription{address=ac-th7dlli-shard-00-01.k2tsomv.mongodb.net:27017, type=REPLICA_SET_PRIMARY, state=CONNECTED, ok=true, minWireVersion=0, maxWireVersion=17, maxDocumentSize=16777216, logicalSessionTimeoutMinutes=30, roundTripTimeNanos=465251400, setName='atlas-ayog62-shard-0', canonicalAddress=ac-th7dlli-shard-00-01.k2tsomv.mongodb.net:27017, hosts=[ac-th7dlli-shard-00-00.k2tsomv.mongodb.net:27017, ac-th7dlli-shard-00-01.k2tsomv.mongodb.net:27017, ac-th7dlli-shard-00-02.k2tsomv.mongodb.net:27017], passives=[], arbiters=[], primary='ac-th7dlli-shard-00-01.k2tsomv.mongodb.net:27017', tagSet=TagSet{[Tag{name='nodeType', value='ELECTABLE'}, Tag{name='provider', value='AWS'}, Tag{name='region', value='AF_SOUTH_1'}, Tag{name='workloadType', value='OPERATIONAL'}]}, electionId=7fffffff0000000000000027, setVersion=1, topologyVersion=TopologyVersion{processId=64d61a1648bc4a09af1aaa6e, counter=6}, lastWriteDate=Fri Aug 11 23:04:12 EEST 2023, lastUpdateTimeNanos=6305861096200}
2023-08-11T22:04:58.192+03:00  INFO 24476 --- [ngodb.net:27017] org.mongodb.driver.cluster               : Discovered replica set primary ac-th7dlli-shard-00-01.k2tsomv.mongodb.net:27017 with max election id 7fffffff0000000000000027 and max set version 1
]]></system-out>
  </testcase>
</testsuite>